<?xml version="1.0" encoding="utf-8"?>
<test-run id="2" testcasecount="1" result="Passed" total="1" passed="1" failed="0" inconclusive="0" skipped="0" asserts="0" engine-version="3.5.0.0" clr-version="4.0.30319.42000" start-time="2021-10-07 14:25:15Z" end-time="2021-10-07 14:25:15Z" duration="0.0663302">
  <test-suite type="TestSuite" id="1008" name="UnityTestRunner" fullname="UnityTestRunner" runstate="Runnable" testcasecount="1" result="Passed" start-time="2021-10-07 14:25:15Z" end-time="2021-10-07 14:25:15Z" duration="0.066330" total="1" passed="1" failed="0" inconclusive="0" skipped="0" asserts="0">
    <properties />
    <test-suite type="Assembly" id="1011" name="EditMode.dll" fullname="E:/Unity/UnityTestRunner/Library/ScriptAssemblies/EditMode.dll" runstate="Runnable" testcasecount="1" result="Passed" start-time="2021-10-07 14:25:15Z" end-time="2021-10-07 14:25:15Z" duration="0.038859" total="1" passed="1" failed="0" inconclusive="0" skipped="0" asserts="0">
      <properties>
        <property name="_PID" value="1236" />
        <property name="_APPDOMAIN" value="Unity Child Domain" />
        <property name="platform" value="EditMode" />
      </properties>
      <test-suite type="TestSuite" id="1012" name="Tests" fullname="Tests" runstate="Runnable" testcasecount="1" result="Passed" start-time="2021-10-07 14:25:15Z" end-time="2021-10-07 14:25:15Z" duration="0.035944" total="1" passed="1" failed="0" inconclusive="0" skipped="0" asserts="0">
        <properties />
        <test-suite type="TestFixture" id="1009" name="SpriteRendererTest" fullname="Tests.SpriteRendererTest" classname="Tests.SpriteRendererTest" runstate="Runnable" testcasecount="1" result="Passed" start-time="2021-10-07 14:25:15Z" end-time="2021-10-07 14:25:15Z" duration="0.032429" total="1" passed="1" failed="0" inconclusive="0" skipped="0" asserts="0">
          <properties />
          <test-case id="1010" name="SpriteRendererTestSimplePasses" fullname="Tests.SpriteRendererTest.SpriteRendererTestSimplePasses" methodname="SpriteRendererTestSimplePasses" classname="Tests.SpriteRendererTest" runstate="Runnable" seed="1650581714" result="Passed" start-time="2021-10-07 14:25:15Z" end-time="2021-10-07 14:25:15Z" duration="0.016449" asserts="0">
            <properties />
          </test-case>
        </test-suite>
      </test-suite>
    </test-suite>
  </test-suite>
</test-run>